{
  "RSpec": {
    "coverage": {
      "/Users/louismoselhi/Projects/banktechtest/spec/bank_account_spec.rb": [
        1,
        1,
        1,
        1,
        1,
        1,
        null,
        null,
        1,
        1,
        1,
        1,
        null,
        null,
        1,
        1,
        1,
        1,
        null,
        null
      ],
      "/Users/louismoselhi/Projects/banktechtest/lib/bank_account.rb": [
        1,
        1,
        null,
        1,
        1,
        1,
        5,
        5,
        null,
        null,
        1,
        4,
        4,
        null,
        null,
        1,
        2,
        2,
        null,
        null
      ],
      "/Users/louismoselhi/Projects/banktechtest/lib/statement.rb": [
        1,
        null,
        1,
        null,
        1,
        null,
        1,
        2,
        null,
        null,
        1,
        2,
        null,
        null,
        1,
        1,
        1,
        1,
        null,
        null,
        null
      ],
      "/Users/louismoselhi/Projects/banktechtest/lib/transaction.rb": [
        1,
        1,
        null,
        1,
        6,
        6,
        6,
        6,
        null,
        null
      ],
      "/Users/louismoselhi/Projects/banktechtest/spec/statement_spec.rb": [
        1,
        1,
        1,
        1,
        1,
        1,
        1,
        1,
        1,
        null,
        null,
        1,
        1,
        1,
        1,
        1,
        1,
        2,
        null,
        null
      ],
      "/Users/louismoselhi/Projects/banktechtest/spec/transactions_spec.rb": [
        1,
        1
      ]
    },
    "timestamp": 1527073833
  }
}
