{
  "RSpec": {
    "coverage": {
      "/Users/louismoselhi/Projects/banktechtest/spec/bank_account_spec.rb": [
        1,
        1,
        1,
        2,
        null,
        null,
        null,
        null,
        null,
        null,
        1,
        1,
        null,
        null,
        1,
        null,
        null,
        4,
        null,
        null,
        1,
        4,
        null,
        null,
        1,
        1,
        1,
        1,
        null,
        null
      ],
      "/Users/louismoselhi/Projects/banktechtest/lib/bank_account.rb": [
        1,
        1,
        null,
        1,
        1,
        1,
        3,
        3,
        3,
        null,
        null,
        1,
        2,
        2,
        null,
        null,
        1,
        2,
        2,
        null,
        null
      ],
      "/Users/louismoselhi/Projects/banktechtest/lib/statement.rb": [
        1,
        null,
        1,
        1,
        null,
        1,
        null,
        1,
        1,
        null,
        null,
        1,
        1,
        1,
        1,
        null,
        null,
        null
      ],
      "/Users/louismoselhi/Projects/banktechtest/lib/transaction.rb": [
        1,
        1,
        null,
        1,
        8,
        8,
        8,
        8,
        null,
        null
      ],
      "/Users/louismoselhi/Projects/banktechtest/spec/statement_spec.rb": [
        1,
        1,
        1,
        1,
        null,
        1,
        null,
        1,
        1,
        1,
        1,
        2,
        null,
        null
      ],
      "/Users/louismoselhi/Projects/banktechtest/spec/transactions_spec.rb": [
        1,
        1,
        null,
        1,
        1,
        4,
        2,
        null,
        1,
        1,
        null,
        null,
        1,
        1,
        null,
        null,
        1,
        1,
        null,
        null,
        1,
        1,
        null,
        null
      ]
    },
    "timestamp": 1527165573
  }
}
